00000000000i[      ] Bochs x86 Emulator 2.6.8
00000000000i[      ]   Built from SVN snapshot on May 3, 2015
00000000000i[      ] Compiled on Dec 25 2023 at 17:36:41
00000000000i[      ] System configuration
00000000000i[      ]   processors: 1 (cores=1, HT threads=1)
00000000000i[      ]   A20 line support: yes
00000000000i[      ] IPS is set to 4000000
00000000000i[      ] CPU configuration
00000000000i[      ]   SMP support: no
00000000000i[      ]   level: 6
00000000000i[      ]   APIC support: xapic
00000000000i[      ]   FPU support: yes
00000000000i[      ]   MMX support: yes
00000000000i[      ]   3dnow! support: no
00000000000i[      ]   SEP support: yes
00000000000i[      ]   SIMD support: sse2
00000000000i[      ]   XSAVE support: no 
00000000000i[      ]   AES support: no
00000000000i[      ]   SHA support: no
00000000000i[      ]   MOVBE support: no
00000000000i[      ]   ADX support: no
00000000000i[      ]   x86-64 support: no
00000000000i[      ]   MWAIT support: yes
00000000000i[      ] Optimization configuration
00000000000i[      ]   RepeatSpeedups support: no
00000000000i[      ]   Fast function calls: no
00000000000i[      ]   Handlers Chaining speedups: no
00000000000i[      ] Devices configuration
00000000000i[      ]   NE2000 support: no
00000000000i[      ]   PCI support: yes, enabled=yes
00000000000i[      ]   SB16 support: no
00000000000i[      ]   USB support: no
00000000000i[      ]   VGA extension support: vbe
00000000000i[MEM0  ] allocated memory at 0x7f29121dd010. after alignment, vector=0x7f29121de000
00000000000i[MEM0  ] 32.00MB
00000000000i[MEM0  ] mem block size = 0x00100000, blocks=32
00000000000i[MEM0  ] rom at 0xfffe0000/131072 ('/home/luckyma/桌面/os/bochs-gdb/share/bochs/BIOS-bochs-latest')
00000000000i[PLUGIN] init_dev of 'pci' plugin device by virtual method
00000000000i[DEV   ] i440FX PMC present at device 0, function 0
00000000000i[PLUGIN] init_dev of 'pci2isa' plugin device by virtual method
00000000000i[DEV   ] PIIX3 PCI-to-ISA bridge present at device 1, function 0
00000000000i[PLUGIN] init_dev of 'cmos' plugin device by virtual method
00000000000i[CMOS  ] Using local time for initial clock
00000000000i[CMOS  ] Setting initial clock to: Tue Dec 26 18:27:43 2023 (time0=1703586463)
00000000000i[PLUGIN] init_dev of 'dma' plugin device by virtual method
00000000000i[DMA   ] channel 4 used by cascade
00000000000i[PLUGIN] init_dev of 'pic' plugin device by virtual method
00000000000i[PLUGIN] init_dev of 'pit' plugin device by virtual method
00000000000i[PLUGIN] init_dev of 'vga' plugin device by virtual method
00000000000i[MEM0  ] Register memory access handlers: 0x0000000a0000 - 0x0000000bffff
00000000000i[VGA   ] interval=200000, mode=realtime
00000000000i[MEM0  ] Register memory access handlers: 0x0000e0000000 - 0x0000e0ffffff
00000000000i[BXVGA ] VBE Bochs Display Extension Enabled
00000000000i[XGUI  ] test_alloc_colors: 16 colors available out of 16 colors tried
00000000000i[XGUI  ] font 8 wide x 16 high, display depth = 24
00000000000i[KEYMAP] Loading keymap from '/home/luckyma/桌面/os/bochs-gdb/share/bochs/keymaps/x11-pc-us.map'
00000000000i[KEYMAP] Loaded 168 symbols
00000000000i[MEM0  ] rom at 0xc0000/41472 ('/home/luckyma/桌面/os/bochs-gdb/share/bochs/VGABIOS-lgpl-latest')
00000000000i[PLUGIN] init_dev of 'floppy' plugin device by virtual method
00000000000i[DMA   ] channel 2 used by Floppy Drive
00000000000i[PLUGIN] init_dev of 'acpi' plugin device by virtual method
00000000000i[DEV   ] ACPI Controller present at device 1, function 3
00000000000i[PLUGIN] init_dev of 'ioapic' plugin device by virtual method
00000000000i[IOAPIC] initializing I/O APIC
00000000000i[MEM0  ] Register memory access handlers: 0x0000fec00000 - 0x0000fec00fff
00000000000i[IOAPIC] IOAPIC enabled (base address = 0xfec00000)
00000000000i[PLUGIN] init_dev of 'keyboard' plugin device by virtual method
00000000000i[KBD   ] will paste characters every 400 keyboard ticks
00000000000i[PLUGIN] init_dev of 'harddrv' plugin device by virtual method
00000000000i[HD    ] HD on ata0-0: 'hd60M.img', 'flat' mode
00000000000i[IMG   ] hd_size: 62447616
00000000000i[HD    ] ata0-0: using specified geometry: CHS=121/16/63
00000000000i[HD    ] translation on ata0-0 set to 'none'
00000000000i[HD    ] Using boot sequence disk, none, none
00000000000i[HD    ] Floppy boot signature check is enabled
00000000000i[PLUGIN] init_dev of 'pci_ide' plugin device by virtual method
00000000000i[DEV   ] PIIX3 PCI IDE controller present at device 1, function 1
00000000000i[PLUGIN] init_dev of 'unmapped' plugin device by virtual method
00000000000i[PLUGIN] init_dev of 'biosdev' plugin device by virtual method
00000000000i[PLUGIN] init_dev of 'speaker' plugin device by virtual method
00000000000i[PCSPK ] Using /dev/console for output
00000000000i[PLUGIN] init_dev of 'extfpuirq' plugin device by virtual method
00000000000i[PLUGIN] init_dev of 'parallel' plugin device by virtual method
00000000000i[PAR   ] parallel port 1 at 0x0378 irq 7
00000000000i[PLUGIN] init_dev of 'serial' plugin device by virtual method
00000000000i[SER   ] com1 at 0x03f8 irq 4 (mode: null)
00000000000i[PLUGIN] register state of 'pci' plugin device by virtual method
00000000000i[PLUGIN] register state of 'pci2isa' plugin device by virtual method
00000000000i[PLUGIN] register state of 'cmos' plugin device by virtual method
00000000000i[PLUGIN] register state of 'dma' plugin device by virtual method
00000000000i[PLUGIN] register state of 'pic' plugin device by virtual method
00000000000i[PLUGIN] register state of 'pit' plugin device by virtual method
00000000000i[PLUGIN] register state of 'vga' plugin device by virtual method
00000000000i[PLUGIN] register state of 'floppy' plugin device by virtual method
00000000000i[PLUGIN] register state of 'unmapped' plugin device by virtual method
00000000000i[PLUGIN] register state of 'biosdev' plugin device by virtual method
00000000000i[PLUGIN] register state of 'speaker' plugin device by virtual method
00000000000i[PLUGIN] register state of 'extfpuirq' plugin device by virtual method
00000000000i[PLUGIN] register state of 'parallel' plugin device by virtual method
00000000000i[PLUGIN] register state of 'serial' plugin device by virtual method
00000000000i[PLUGIN] register state of 'acpi' plugin device by virtual method
00000000000i[PLUGIN] register state of 'ioapic' plugin device by virtual method
00000000000i[PLUGIN] register state of 'keyboard' plugin device by virtual method
00000000000i[PLUGIN] register state of 'harddrv' plugin device by virtual method
00000000000i[PLUGIN] register state of 'pci_ide' plugin device by virtual method
00000000000i[SYS   ] bx_pc_system_c::Reset(HARDWARE) called
00000000000i[CPU0  ] cpu hardware reset
00000000000i[APIC0 ] allocate APIC id=0 (MMIO enabled) to 0x0000fee00000
00000000000i[CPU0  ] CPUID[0x00000000]: 00000005 756e6547 6c65746e 49656e69
00000000000i[CPU0  ] CPUID[0x00000001]: 00000633 00010800 00000008 1fcbfbff
00000000000i[CPU0  ] CPUID[0x00000002]: 00410601 00000000 00000000 00000000
00000000000i[CPU0  ] CPUID[0x00000003]: 00000000 00000000 00000000 00000000
00000000000i[CPU0  ] CPUID[0x00000004]: 00000000 00000000 00000000 00000000
00000000000i[CPU0  ] CPUID[0x00000005]: 00000040 00000040 00000003 00000020
00000000000i[PLUGIN] reset of 'pci' plugin device by virtual method
00000000000i[PLUGIN] reset of 'pci2isa' plugin device by virtual method
00000000000i[PLUGIN] reset of 'cmos' plugin device by virtual method
00000000000i[PLUGIN] reset of 'dma' plugin device by virtual method
00000000000i[PLUGIN] reset of 'pic' plugin device by virtual method
00000000000i[PLUGIN] reset of 'pit' plugin device by virtual method
00000000000i[PLUGIN] reset of 'vga' plugin device by virtual method
00000000000i[PLUGIN] reset of 'floppy' plugin device by virtual method
00000000000i[PLUGIN] reset of 'acpi' plugin device by virtual method
00000000000i[PLUGIN] reset of 'ioapic' plugin device by virtual method
00000000000i[PLUGIN] reset of 'keyboard' plugin device by virtual method
00000000000i[PLUGIN] reset of 'harddrv' plugin device by virtual method
00000000000i[PLUGIN] reset of 'pci_ide' plugin device by virtual method
00000000000i[PLUGIN] reset of 'unmapped' plugin device by virtual method
00000000000i[PLUGIN] reset of 'biosdev' plugin device by virtual method
00000000000i[PLUGIN] reset of 'speaker' plugin device by virtual method
00000000000i[PLUGIN] reset of 'extfpuirq' plugin device by virtual method
00000000000i[PLUGIN] reset of 'parallel' plugin device by virtual method
00000000000i[PLUGIN] reset of 'serial' plugin device by virtual method
00000000000i[GDBST ] addr 000000000000fff0 len 1
00000000000i[GDBST ] addr 000000000000fff0 len 1
00000000000i[GDBST ] addr 000000000000ffc0 len 40
00000000000i[GDBST ] addr 000000000000fff0 len 8
00000000000i[GDBST ] addr 000000000000fff0 len 7
00000000000i[GDBST ] addr 00000000c0001500 len 40
00000000000i[GDBST ] addr 00000000c0001500 len 1
00000000000i[GDBST ] Setting breakpoint at 00000000c0001500
00000004661i[BIOS  ] $Revision: 12579 $ $Date: 2014-12-26 11:31:39 +0100 (Fr, 26. Dez 2014) $
00000318049i[KBD   ] reset-disable command received
00000320818i[BIOS  ] Starting rombios32
00000321256i[BIOS  ] Shutdown flag 0
00000321839i[BIOS  ] ram_size=0x02000000
00000322260i[BIOS  ] ram_end=32MB
00000362770i[BIOS  ] Found 1 cpu(s)
00000376974i[BIOS  ] bios_table_addr: 0x000fa498 end=0x000fcc00
00000704769i[PCI   ] i440FX PMC write to PAM register 59 (TLB Flush)
00001032698i[P2ISA ] PCI IRQ routing: PIRQA# set to 0x0b
00001032717i[P2ISA ] PCI IRQ routing: PIRQB# set to 0x09
00001032736i[P2ISA ] PCI IRQ routing: PIRQC# set to 0x0b
00001032755i[P2ISA ] PCI IRQ routing: PIRQD# set to 0x09
00001032765i[P2ISA ] write: ELCR2 = 0x0a
00001033535i[BIOS  ] PIIX3/PIIX4 init: elcr=00 0a
00001041216i[BIOS  ] PCI: bus=0 devfn=0x00: vendor_id=0x8086 device_id=0x1237 class=0x0600
00001043495i[BIOS  ] PCI: bus=0 devfn=0x08: vendor_id=0x8086 device_id=0x7000 class=0x0601
00001045613i[BIOS  ] PCI: bus=0 devfn=0x09: vendor_id=0x8086 device_id=0x7010 class=0x0101
00001045838i[PIDE  ] new BM-DMA address: 0xc000
00001046454i[BIOS  ] region 4: 0x0000c000
00001048488i[BIOS  ] PCI: bus=0 devfn=0x0b: vendor_id=0x8086 device_id=0x7113 class=0x0680
00001048720i[ACPI  ] new irq line = 11
00001048732i[ACPI  ] new irq line = 9
00001048757i[ACPI  ] new PM base address: 0xb000
00001048771i[ACPI  ] new SM base address: 0xb100
00001048799i[PCI   ] setting SMRAM control register to 0x4a
00001212892i[CPU0  ] Enter to System Management Mode
00001212903i[CPU0  ] RSM: Resuming from System Management Mode
00001376924i[PCI   ] setting SMRAM control register to 0x0a
00001391790i[BIOS  ] MP table addr=0x000fa570 MPC table addr=0x000fa4a0 size=0xc8
00001393612i[BIOS  ] SMBIOS table addr=0x000fa580
00001395793i[BIOS  ] ACPI tables: RSDP addr=0x000fa6a0 ACPI DATA addr=0x01ff0000 size=0xf72
00001399005i[BIOS  ] Firmware waking vector 0x1ff00cc
00001400800i[PCI   ] i440FX PMC write to PAM register 59 (TLB Flush)
00001401523i[BIOS  ] bios_table_cur_addr: 0x000fa6c4
00001529140i[VBIOS ] VGABios $Id: vgabios.c,v 1.76 2013/02/10 08:07:03 vruppert Exp $
00001529211i[BXVGA ] VBE known Display Interface b0c0
00001529243i[BXVGA ] VBE known Display Interface b0c5
00001532168i[VBIOS ] VBE Bios $Id: vbe.c,v 1.65 2014/07/08 18:02:25 vruppert Exp $
00001876645i[BIOS  ] ata0-0: PCHS=121/16/63 translation=none LCHS=121/16/63
00002243840i[XGUI  ] charmap update. Font Height is 16
00005753851i[BIOS  ] IDE time out
00017844201i[BIOS  ] Booting from 0000:7c00
00018076229i[GDBST ] found breakpoint at c0001500
00018076229i[GDBST ] stopped with ac1
00018076229i[GDBST ] reg 8 set to 00000000c0001500
00018076229i[GDBST ] reg 41 set to 00000000ffffffff
00018076229i[GDBST ] Removing breakpoint at 00000000c0001500
00018076229i[GDBST ] addr 00000000c0001500 len 1
00018076229i[GDBST ] stepping
00018076230i[GDBST ] stopped with ac2
00018076230i[GDBST ] Setting breakpoint at 00000000c0001500
00018076230i[GDBST ] stepping
00018076231i[GDBST ] stopped with ac2
00018076231i[GDBST ] stepping
00018076232i[GDBST ] stopped with ac2
00018076232i[GDBST ] stepping
00018076233i[GDBST ] stopped with ac2
00018076233i[GDBST ] stepping
00018076234i[GDBST ] stopped with ac2
00018076234i[GDBST ] stepping
00018076235i[GDBST ] stopped with ac2
00018076235i[GDBST ] addr 00000000c0001d00 len 1
00018076235i[GDBST ] addr 00000000c0001d00 len 40
00018076235i[GDBST ] addr 00000000c009efc0 len 40
00018076235i[GDBST ] addr 00000000c0001500 len 40
00018076235i[GDBST ] Removing breakpoint at 00000000c0001500
00018076235i[GDBST ] addr 00000000c0001d00 len 1
00018076235i[GDBST ] Setting breakpoint at 00000000c0001500
00018076235i[GDBST ] stepping
00018076236i[GDBST ] stopped with ac2
00018076236i[GDBST ] stepping
00018076237i[GDBST ] stopped with ac2
00018076237i[GDBST ] stepping
00018076238i[GDBST ] stopped with ac2
00018076238i[GDBST ] stepping
00018076239i[GDBST ] stopped with ac2
00018076239i[GDBST ] addr 00000000c0001d08 len 1
00018076239i[GDBST ] addr 00000000c0001d00 len 40
00018076239i[GDBST ] addr 00000000c009efc0 len 40
00018076239i[GDBST ] addr 0000000000000000 len 8
00018076239i[GDBST ] addr 0000000000000000 len 7
00018076239i[GDBST ] addr 0000000000000000 len 40
00018076239i[GDBST ] Removing breakpoint at 00000000c0001500
00018076239i[GDBST ] addr 00000000c0001d08 len 1
00018076239i[GDBST ] Setting breakpoint at 00000000c0001500
00018076239i[GDBST ] stepping
00018076240i[GDBST ] stopped with ac2
00018076240i[GDBST ] stepping
00018076241i[GDBST ] stopped with ac2
00018076241i[GDBST ] stepping
00018076242i[GDBST ] stopped with ac2
00018076242i[GDBST ] stepping
00018076243i[GDBST ] stopped with ac2
00018076243i[GDBST ] stepping
00018076244i[GDBST ] stopped with ac2
00018076244i[GDBST ] addr 00000000c0001d1e len 1
00018076244i[GDBST ] addr 00000000c0001d00 len 40
00018076244i[GDBST ] addr 00000000c009efc0 len 40
00018076244i[GDBST ] Removing breakpoint at 00000000c0001500
00018076244i[GDBST ] addr 00000000c0001d1e len 1
00018076244i[GDBST ] Setting breakpoint at 00000000c0001500
00018076244i[GDBST ] stepping
00018076245i[GDBST ] stopped with ac2
00018076245i[GDBST ] stepping
00018076246i[GDBST ] stopped with ac2
00018076246i[GDBST ] stepping
00018076247i[GDBST ] stopped with ac2
00018076247i[GDBST ] stepping
00018076248i[GDBST ] stopped with ac2
00018076248i[GDBST ] stepping
00018076249i[GDBST ] stopped with ac2
00018076249i[GDBST ] stepping
00018076250i[GDBST ] stopped with ac2
00018076250i[GDBST ] stepping
00018076251i[GDBST ] stopped with ac2
00018076251i[GDBST ] stepping
00018076252i[GDBST ] stopped with ac2
00018076252i[GDBST ] stepping
00018076253i[GDBST ] stopped with ac2
00018076253i[GDBST ] stepping
00018076254i[GDBST ] stopped with ac2
00018076254i[GDBST ] stepping
00018076255i[GDBST ] stopped with ac2
00018076255i[GDBST ] stepping
00018076256i[GDBST ] stopped with ac2
00018076256i[GDBST ] stepping
00018076257i[GDBST ] stopped with ac2
00018076257i[GDBST ] stepping
00018076258i[GDBST ] stopped with ac2
00018076258i[GDBST ] stepping
00018076259i[GDBST ] stopped with ac2
00018076259i[GDBST ] stepping
00018076260i[GDBST ] stopped with ac2
00018076260i[GDBST ] stepping
00018076261i[GDBST ] stopped with ac2
00018076261i[GDBST ] stepping
00018076262i[GDBST ] stopped with ac2
00018076262i[GDBST ] stepping
00018076263i[GDBST ] stopped with ac2
00018076263i[GDBST ] stepping
00018076264i[GDBST ] stopped with ac2
00018076264i[GDBST ] stepping
00018076265i[GDBST ] stopped with ac2
00018076265i[GDBST ] stepping
00018076266i[GDBST ] stopped with ac2
00018076266i[GDBST ] stepping
00018076267i[GDBST ] stopped with ac2
00018076267i[GDBST ] addr 00000000c0001d6d len 1
00018076267i[GDBST ] addr 00000000c0001d40 len 40
00018076267i[GDBST ] addr 00000000c009ef80 len 40
00018076267i[GDBST ] addr 0000000000000000 len 8
00018076267i[GDBST ] addr 0000000000000000 len 7
00018076267i[GDBST ] addr 0000000000000000 len 40
00018076267i[GDBST ] Removing breakpoint at 00000000c0001500
00018076267i[GDBST ] addr 00000000c0001d6d len 1
00018076267i[GDBST ] Setting breakpoint at 00000000c0001500
00018076267i[GDBST ] stepping
00018076268i[GDBST ] stopped with ac2
00018076268i[GDBST ] stepping
00018076269i[GDBST ] stopped with ac2
00018076269i[GDBST ] stepping
00018076270i[GDBST ] stopped with ac2
00018076270i[GDBST ] stepping
00018076271i[GDBST ] stopped with ac2
00018076271i[GDBST ] stepping
00018076272i[GDBST ] stopped with ac2
00018076272i[GDBST ] stepping
00018076273i[GDBST ] stopped with ac2
00018076273i[GDBST ] stepping
00018076274i[GDBST ] stopped with ac2
00018076274i[GDBST ] stepping
00018076275i[GDBST ] stopped with ac2
00018076275i[GDBST ] addr 00000000c0001dcd len 1
00018076275i[GDBST ] addr 00000000c0001dc0 len 40
00018076275i[GDBST ] addr 00000000c009ef80 len 40
00018076275i[GDBST ] addr 0000000000000000 len 8
00018076275i[GDBST ] addr 0000000000000000 len 7
00018076275i[GDBST ] addr 0000000000000000 len 40
00018076275i[GDBST ] Removing breakpoint at 00000000c0001500
00018076275i[GDBST ] addr 00000000c0001dcd len 1
00018076275i[GDBST ] Setting breakpoint at 00000000c0001500
00018076275i[GDBST ] stepping
00018076276i[GDBST ] stopped with ac2
00018076276i[GDBST ] stepping
00018076277i[GDBST ] stopped with ac2
00018076277i[GDBST ] stepping
00018076278i[GDBST ] stopped with ac2
00018076278i[GDBST ] stepping
00018076279i[GDBST ] stopped with ac2
00018076279i[GDBST ] stepping
00018076280i[GDBST ] stopped with ac2
00018076280i[GDBST ] stepping
00018076281i[GDBST ] stopped with ac2
00018076281i[GDBST ] stepping
00018076282i[GDBST ] stopped with ac2
00018076282i[GDBST ] stepping
00018076283i[GDBST ] stopped with ac2
00018076283i[GDBST ] stepping
00018076284i[GDBST ] stopped with ac2
00018076284i[GDBST ] stepping
00018076285i[GDBST ] stopped with ac2
00018076285i[GDBST ] stepping
00018076286i[GDBST ] stopped with ac2
00018076286i[GDBST ] stepping
00018076287i[GDBST ] stopped with ac2
00018076287i[GDBST ] addr 00000000c0001de9 len 1
00018076287i[GDBST ] addr 00000000c0001dc0 len 40
00018076287i[GDBST ] addr 00000000c009ef80 len 40
00018076287i[GDBST ] addr 0000000000000000 len 8
00018076287i[GDBST ] addr 0000000000000000 len 7
00018076287i[GDBST ] addr 0000000000000000 len 40
00018076287i[GDBST ] Removing breakpoint at 00000000c0001500
00018076287i[GDBST ] addr 00000000c0001de9 len 1
00018076287i[GDBST ] Setting breakpoint at 00000000c0001500
00018076287i[GDBST ] stepping
00018076288i[GDBST ] stopped with ac2
00018076288i[GDBST ] stepping
00018076289i[GDBST ] stopped with ac2
00018076289i[GDBST ] addr 00000000c0001d15 len 1
00018076289i[GDBST ] addr 00000000c0001d00 len 40
00018076289i[GDBST ] addr 00000000c009efc0 len 40
00018076289i[GDBST ] addr 0000000000000049 len 8
00018076289i[GDBST ] addr 0000000000000049 len 7
00018076289i[GDBST ] addr 0000000000000040 len 40
00018076289i[GDBST ] Removing breakpoint at 00000000c0001500
00018076289i[GDBST ] addr 00000000c0001d15 len 1
00018076289i[GDBST ] Setting breakpoint at 00000000c0001500
00018076289i[GDBST ] stepping
00018076290i[GDBST ] stopped with ac2
00018076290i[GDBST ] stepping
00018076291i[GDBST ] stopped with ac2
00018076291i[GDBST ] stepping
00018076292i[GDBST ] stopped with ac2
00018076292i[GDBST ] stepping
00018076293i[GDBST ] stopped with ac2
00018076293i[GDBST ] stepping
00018076294i[GDBST ] stopped with ac2
00018076294i[GDBST ] stepping
00018076295i[GDBST ] stopped with ac2
00018076295i[GDBST ] stepping
00018076296i[GDBST ] stopped with ac2
00018076296i[GDBST ] stepping
00018076297i[GDBST ] stopped with ac2
00018076297i[GDBST ] addr 00000000c0001d1e len 1
00018076297i[GDBST ] addr 00000000c0001d00 len 40
00018076297i[GDBST ] addr 00000000c009efc0 len 40
00018076297i[GDBST ] addr 00000000c0001d15 len 1
00018076297i[GDBST ] Setting breakpoint at 00000000c0001d15
00018076342i[GDBST ] found breakpoint at c0001d15
00018076342i[GDBST ] stopped with ac1
00018076342i[GDBST ] reg 8 set to 00000000c0001d15
00018076342i[GDBST ] reg 41 set to 00000000ffffffff
00018076342i[GDBST ] addr 00000000c0001d15 len 1
00018076342i[GDBST ] addr 00000000c0001d00 len 40
00018076342i[GDBST ] Removing breakpoint at 00000000c0001d15
00018076342i[GDBST ] stepping
00018076343i[GDBST ] stopped with ac2
00018076343i[GDBST ] stepping
00018076344i[GDBST ] stopped with ac2
00018076344i[GDBST ] stepping
00018076345i[GDBST ] stopped with ac2
00018076345i[GDBST ] stepping
00018076346i[GDBST ] stopped with ac2
00018076346i[GDBST ] stepping
00018076347i[GDBST ] stopped with ac2
00018076347i[GDBST ] stepping
00018076348i[GDBST ] stopped with ac2
00018076348i[GDBST ] stepping
00018076349i[GDBST ] stopped with ac2
00018076349i[GDBST ] stepping
00018076350i[GDBST ] stopped with ac2
00018076350i[GDBST ] addr 00000000c0001d1e len 1
00018076350i[GDBST ] addr 00000000c0001d00 len 40
00018076350i[GDBST ] addr 00000000c009efc0 len 40
00018076350i[GDBST ] addr 00000000c0001d15 len 1
00018076350i[GDBST ] Setting breakpoint at 00000000c0001d15
00018076395i[GDBST ] found breakpoint at c0001d15
00018076395i[GDBST ] stopped with ac1
00018076395i[GDBST ] reg 8 set to 00000000c0001d15
00018076395i[GDBST ] reg 41 set to 00000000ffffffff
00018076395i[GDBST ] addr 00000000c0001d15 len 1
00018076395i[GDBST ] addr 00000000c0001d00 len 40
00018076395i[GDBST ] Removing breakpoint at 00000000c0001d15
00018076395i[GDBST ] stepping
00018076396i[GDBST ] stopped with ac2
00018076396i[GDBST ] stepping
00018076397i[GDBST ] stopped with ac2
00018076397i[GDBST ] stepping
00018076398i[GDBST ] stopped with ac2
00018076398i[GDBST ] stepping
00018076399i[GDBST ] stopped with ac2
00018076399i[GDBST ] stepping
00018076400i[GDBST ] stopped with ac2
00018076400i[GDBST ] stepping
00018076401i[GDBST ] stopped with ac2
00018076401i[GDBST ] stepping
00018076402i[GDBST ] stopped with ac2
00018076402i[GDBST ] stepping
00018076403i[GDBST ] stopped with ac2
00018076403i[GDBST ] addr 00000000c0001d1e len 1
00018076403i[GDBST ] addr 00000000c0001d00 len 40
00018076403i[GDBST ] addr 00000000c009efc0 len 40
00018076403i[GDBST ] addr 00000000c0001d15 len 1
00018076403i[GDBST ] Setting breakpoint at 00000000c0001d15
00018076448i[GDBST ] found breakpoint at c0001d15
00018076448i[GDBST ] stopped with ac1
00018076448i[GDBST ] reg 8 set to 00000000c0001d15
00018076448i[GDBST ] reg 41 set to 00000000ffffffff
00018076448i[GDBST ] addr 00000000c0001d15 len 1
00018076448i[GDBST ] addr 00000000c0001d00 len 40
00018076448i[GDBST ] Removing breakpoint at 00000000c0001d15
00018076448i[GDBST ] stepping
00018076449i[GDBST ] stopped with ac2
00018076449i[GDBST ] stepping
00018076450i[GDBST ] stopped with ac2
00018076450i[GDBST ] stepping
00018076451i[GDBST ] stopped with ac2
00018076451i[GDBST ] stepping
00018076452i[GDBST ] stopped with ac2
00018076452i[GDBST ] stepping
00018076453i[GDBST ] stopped with ac2
00018076453i[GDBST ] stepping
00018076454i[GDBST ] stopped with ac2
00018076454i[GDBST ] stepping
00018076455i[GDBST ] stopped with ac2
00018076455i[GDBST ] stepping
00018076456i[GDBST ] stopped with ac2
00018076456i[GDBST ] addr 00000000c0001d1e len 1
00018076456i[GDBST ] addr 00000000c0001d00 len 40
00018076456i[GDBST ] addr 00000000c009efc0 len 40
00018076456i[GDBST ] addr 00000000c0001d15 len 1
00018076456i[GDBST ] Setting breakpoint at 00000000c0001d15
00018076501i[GDBST ] found breakpoint at c0001d15
00018076501i[GDBST ] stopped with ac1
00018076501i[GDBST ] reg 8 set to 00000000c0001d15
00018076501i[GDBST ] reg 41 set to 00000000ffffffff
00018076501i[GDBST ] addr 00000000c0001d15 len 1
00018076501i[GDBST ] addr 00000000c0001d00 len 40
00018076501i[GDBST ] Removing breakpoint at 00000000c0001d15
00018076501i[GDBST ] stepping
00018076502i[GDBST ] stopped with ac2
00018076502i[GDBST ] stepping
00018076503i[GDBST ] stopped with ac2
00018076503i[GDBST ] stepping
00018076504i[GDBST ] stopped with ac2
00018076504i[GDBST ] stepping
00018076505i[GDBST ] stopped with ac2
00018076505i[GDBST ] stepping
00018076506i[GDBST ] stopped with ac2
00018076506i[GDBST ] stepping
00018076507i[GDBST ] stopped with ac2
00018076507i[GDBST ] stepping
00018076508i[GDBST ] stopped with ac2
00018076508i[GDBST ] stepping
00018076509i[GDBST ] stopped with ac2
00018076509i[GDBST ] addr 00000000c0001d1e len 1
00018076509i[GDBST ] addr 00000000c0001d00 len 40
00018076509i[GDBST ] addr 00000000c009efc0 len 40
00018076509i[GDBST ] addr 00000000c0001d15 len 1
00018076509i[GDBST ] Setting breakpoint at 00000000c0001d15
00018076554i[GDBST ] found breakpoint at c0001d15
00018076554i[GDBST ] stopped with ac1
00018076554i[GDBST ] reg 8 set to 00000000c0001d15
00018076554i[GDBST ] reg 41 set to 00000000ffffffff
00018076554i[GDBST ] addr 00000000c0001d15 len 1
00018076554i[GDBST ] addr 00000000c0001d00 len 40
00018076554i[GDBST ] Removing breakpoint at 00000000c0001d15
00018076554i[GDBST ] stepping
00018076555i[GDBST ] stopped with ac2
00018076555i[GDBST ] stepping
00018076556i[GDBST ] stopped with ac2
00018076556i[GDBST ] stepping
00018076557i[GDBST ] stopped with ac2
00018076557i[GDBST ] stepping
00018076558i[GDBST ] stopped with ac2
00018076558i[GDBST ] stepping
00018076559i[GDBST ] stopped with ac2
00018076559i[GDBST ] stepping
00018076560i[GDBST ] stopped with ac2
00018076560i[GDBST ] stepping
00018076561i[GDBST ] stopped with ac2
00018076561i[GDBST ] stepping
00018076562i[GDBST ] stopped with ac2
00018076562i[GDBST ] addr 00000000c0001d1e len 1
00018076562i[GDBST ] addr 00000000c0001d00 len 40
00018076562i[GDBST ] addr 00000000c009efc0 len 40
00018076562i[GDBST ] addr 00000000c0001d15 len 1
00018076562i[GDBST ] Setting breakpoint at 00000000c0001d15
00018076607i[GDBST ] found breakpoint at c0001d15
00018076607i[GDBST ] stopped with ac1
00018076607i[GDBST ] reg 8 set to 00000000c0001d15
00018076607i[GDBST ] reg 41 set to 00000000ffffffff
00018076607i[GDBST ] addr 00000000c0001d15 len 1
00018076607i[GDBST ] addr 00000000c0001d00 len 40
00018076607i[GDBST ] Removing breakpoint at 00000000c0001d15
00018076607i[GDBST ] stepping
00018076608i[GDBST ] stopped with ac2
00018076608i[GDBST ] stepping
00018076609i[GDBST ] stopped with ac2
00018076609i[GDBST ] stepping
00018076610i[GDBST ] stopped with ac2
00018076610i[GDBST ] stepping
00018076611i[GDBST ] stopped with ac2
00018076611i[GDBST ] stepping
00018076612i[GDBST ] stopped with ac2
00018076612i[GDBST ] stepping
00018076613i[GDBST ] stopped with ac2
00018076613i[GDBST ] stepping
00018076614i[GDBST ] stopped with ac2
00018076614i[GDBST ] stepping
00018076615i[GDBST ] stopped with ac2
00018076615i[GDBST ] addr 00000000c0001d1e len 1
00018076615i[GDBST ] addr 00000000c0001d00 len 40
00018076615i[GDBST ] addr 00000000c009efc0 len 40
00018076615i[GDBST ] addr 00000000c0001d15 len 1
00018076615i[GDBST ] Setting breakpoint at 00000000c0001d15
00018076660i[GDBST ] found breakpoint at c0001d15
00018076660i[GDBST ] stopped with ac1
00018076660i[GDBST ] reg 8 set to 00000000c0001d15
00018076660i[GDBST ] reg 41 set to 00000000ffffffff
00018076660i[GDBST ] addr 00000000c0001d15 len 1
00018076660i[GDBST ] addr 00000000c0001d00 len 40
00018076660i[GDBST ] Removing breakpoint at 00000000c0001d15
00018076660i[GDBST ] stepping
00018076661i[GDBST ] stopped with ac2
00018076661i[GDBST ] stepping
00018076662i[GDBST ] stopped with ac2
00018076662i[GDBST ] stepping
00018076663i[GDBST ] stopped with ac2
00018076663i[GDBST ] stepping
00018076664i[GDBST ] stopped with ac2
00018076664i[GDBST ] stepping
00018076665i[GDBST ] stopped with ac2
00018076665i[GDBST ] stepping
00018076666i[GDBST ] stopped with ac2
00018076666i[GDBST ] stepping
00018076667i[GDBST ] stopped with ac2
00018076667i[GDBST ] stepping
00018076668i[GDBST ] stopped with ac2
00018076668i[GDBST ] addr 00000000c0001d1e len 1
00018076668i[GDBST ] addr 00000000c0001d00 len 40
00018076668i[GDBST ] addr 00000000c009efc0 len 40
00018076668i[GDBST ] addr 00000000c0001d15 len 1
00018076668i[GDBST ] Setting breakpoint at 00000000c0001d15
00018076713i[GDBST ] found breakpoint at c0001d15
00018076713i[GDBST ] stopped with ac1
00018076713i[GDBST ] reg 8 set to 00000000c0001d15
00018076713i[GDBST ] reg 41 set to 00000000ffffffff
00018076713i[GDBST ] addr 00000000c0001d15 len 1
00018076713i[GDBST ] addr 00000000c0001d00 len 40
00018076713i[GDBST ] Removing breakpoint at 00000000c0001d15
00018076713i[GDBST ] stepping
00018076714i[GDBST ] stopped with ac2
00018076714i[GDBST ] stepping
00018076715i[GDBST ] stopped with ac2
00018076715i[GDBST ] stepping
00018076716i[GDBST ] stopped with ac2
00018076716i[GDBST ] stepping
00018076717i[GDBST ] stopped with ac2
00018076717i[GDBST ] stepping
00018076718i[GDBST ] stopped with ac2
00018076718i[GDBST ] stepping
00018076719i[GDBST ] stopped with ac2
00018076719i[GDBST ] stepping
00018076720i[GDBST ] stopped with ac2
00018076720i[GDBST ] stepping
00018076721i[GDBST ] stopped with ac2
00018076721i[GDBST ] addr 00000000c0001d1e len 1
00018076721i[GDBST ] addr 00000000c0001d00 len 40
00018076721i[GDBST ] addr 00000000c009efc0 len 40
00018076721i[GDBST ] addr 00000000c0001d15 len 1
00018076721i[GDBST ] Setting breakpoint at 00000000c0001d15
00018076766i[GDBST ] found breakpoint at c0001d15
00018076766i[GDBST ] stopped with ac1
00018076766i[GDBST ] reg 8 set to 00000000c0001d15
00018076766i[GDBST ] reg 41 set to 00000000ffffffff
00018076766i[GDBST ] addr 00000000c0001d15 len 1
00018076766i[GDBST ] addr 00000000c0001d00 len 40
00018076766i[GDBST ] Removing breakpoint at 00000000c0001d15
00018076766i[GDBST ] stepping
00018076767i[GDBST ] stopped with ac2
00018076767i[GDBST ] stepping
00018076768i[GDBST ] stopped with ac2
00018076768i[GDBST ] stepping
00018076769i[GDBST ] stopped with ac2
00018076769i[GDBST ] stepping
00018076770i[GDBST ] stopped with ac2
00018076770i[GDBST ] stepping
00018076771i[GDBST ] stopped with ac2
00018076771i[GDBST ] stepping
00018076772i[GDBST ] stopped with ac2
00018076772i[GDBST ] stepping
00018076773i[GDBST ] stopped with ac2
00018076773i[GDBST ] stepping
00018076774i[GDBST ] stopped with ac2
00018076774i[GDBST ] addr 00000000c0001d1e len 1
00018076774i[GDBST ] addr 00000000c0001d00 len 40
00018076774i[GDBST ] addr 00000000c009efc0 len 40
00018076774i[GDBST ] addr 00000000c0001d15 len 1
00018076774i[GDBST ] Setting breakpoint at 00000000c0001d15
00018076819i[GDBST ] found breakpoint at c0001d15
00018076819i[GDBST ] stopped with ac1
00018076819i[GDBST ] reg 8 set to 00000000c0001d15
00018076819i[GDBST ] reg 41 set to 00000000ffffffff
00018076819i[GDBST ] addr 00000000c0001d15 len 1
00018076819i[GDBST ] addr 00000000c0001d00 len 40
00018076819i[GDBST ] Removing breakpoint at 00000000c0001d15
00018076819i[GDBST ] stepping
00018076820i[GDBST ] stopped with ac2
00018076820i[GDBST ] stepping
00018076821i[GDBST ] stopped with ac2
00018076821i[GDBST ] stepping
00018076822i[GDBST ] stopped with ac2
00018076822i[GDBST ] stepping
00018076823i[GDBST ] stopped with ac2
00018076823i[GDBST ] stepping
00018076824i[GDBST ] stopped with ac2
00018076824i[GDBST ] stepping
00018076825i[GDBST ] stopped with ac2
00018076825i[GDBST ] stepping
00018076826i[GDBST ] stopped with ac2
00018076826i[GDBST ] stepping
00018076827i[GDBST ] stopped with ac2
00018076827i[GDBST ] addr 00000000c0001d1e len 1
00018076827i[GDBST ] addr 00000000c0001d00 len 40
00018076827i[GDBST ] addr 00000000c009efc0 len 40
00018076827i[GDBST ] addr 00000000c0001d15 len 1
00018076827i[GDBST ] Setting breakpoint at 00000000c0001d15
00018076869i[GDBST ] found breakpoint at c0001d15
00018076869i[GDBST ] stopped with ac1
00018076869i[GDBST ] reg 8 set to 00000000c0001d15
00018076869i[GDBST ] reg 41 set to 00000000ffffffff
00018076869i[GDBST ] addr 00000000c0001d15 len 1
00018076869i[GDBST ] addr 00000000c0001d00 len 40
00018076869i[GDBST ] Removing breakpoint at 00000000c0001d15
00018076869i[GDBST ] stepping
00018076870i[GDBST ] stopped with ac2
00018076870i[GDBST ] stepping
00018076871i[GDBST ] stopped with ac2
00018076871i[GDBST ] stepping
00018076872i[GDBST ] stopped with ac2
00018076872i[GDBST ] stepping
00018076873i[GDBST ] stopped with ac2
00018076873i[GDBST ] stepping
00018076874i[GDBST ] stopped with ac2
00018076874i[GDBST ] stepping
00018076875i[GDBST ] stopped with ac2
00018076875i[GDBST ] addr 00000000c0001d1b len 1
00018076875i[GDBST ] addr 00000000c0001d00 len 40
00018076875i[GDBST ] addr 00000000c009efc0 len 40
00018076875i[GDBST ] addr 0000000000000000 len 8
00018076875i[GDBST ] addr 0000000000000000 len 7
00018076875i[GDBST ] addr 0000000000000000 len 40
00018076875i[GDBST ] Removing breakpoint at 00000000c0001500
00018076875i[GDBST ] addr 00000000c0001d1b len 1
00018076875p[GDBST ] >>PANIC<< Debugger asked us to quit
00018076875i[CPU0  ] CPU is in protected mode (active)
00018076875i[CPU0  ] CS.mode = 32 bit
00018076875i[CPU0  ] SS.mode = 32 bit
00018076875i[CPU0  ] EFER   = 0x00000000
00018076875i[CPU0  ] | EAX=00070000  EBX=c000200c  ECX=00000000  EDX=00000020
00018076875i[CPU0  ] | ESP=c009efd4  EBP=c009effc  ESI=00070000  EDI=00000000
00018076875i[CPU0  ] | IOPL=0 id vip vif ac vm rf nt of df if tf sf ZF af PF cf
00018076875i[CPU0  ] | SEG sltr(index|ti|rpl)     base    limit G D
00018076875i[CPU0  ] |  CS:0008( 0001| 0|  0) 00000000 ffffffff 1 1
00018076875i[CPU0  ] |  DS:0010( 0002| 0|  0) 00000000 ffffffff 1 1
00018076875i[CPU0  ] |  SS:0010( 0002| 0|  0) 00000000 ffffffff 1 1
00018076875i[CPU0  ] |  ES:0010( 0002| 0|  0) 00000000 ffffffff 1 1
00018076875i[CPU0  ] |  FS:0000( 0005| 0|  0) 00000000 0000ffff 0 0
00018076875i[CPU0  ] |  GS:0018( 0003| 0|  0) c00b8000 00007fff 1 1
00018076875i[CPU0  ] | EIP=c0001d1b (c0001d1b)
00018076875i[CPU0  ] | CR0=0xe0000011 CR2=0x00000000
00018076875i[CPU0  ] | CR3=0x00100000 CR4=0x00000000
00018076875i[CPU0  ] 0xc0001d1b>> pop ecx : 59
00018076875i[CMOS  ] Last time is 1703586467 (Tue Dec 26 18:27:47 2023)
00018076875i[XGUI  ] Exit
00018076875i[      ] restoring default signal behavior
00018076875i[SIM   ] quit_sim called with exit code 1
